[debug] [2022-03-09T21:58:20.936Z] ----------------------------------------------------------------------
[debug] [2022-03-09T21:58:20.937Z] Command:       /Users/cgcouto/Library/Application Support/JetBrains/WebStorm2021.3/node/node-v14.15.0-darwin-x64/bin/node /Users/cgcouto/Library/Application Support/JetBrains/WebStorm2021.3/node/node-v14.15.0-darwin-x64/bin/firebase init
[debug] [2022-03-09T21:58:20.937Z] CLI Version:   10.2.2
[debug] [2022-03-09T21:58:20.937Z] Platform:      darwin
[debug] [2022-03-09T21:58:20.937Z] Node Version:  v14.15.0
[debug] [2022-03-09T21:58:20.940Z] Time:          Wed Mar 09 2022 13:58:20 GMT-0800 (Pacific Standard Time)
[debug] [2022-03-09T21:58:20.940Z] ----------------------------------------------------------------------
[debug] 
[debug] [2022-03-09T21:58:20.990Z] > command requires scopes: ["email","openid","https://www.googleapis.com/auth/cloudplatformprojects.readonly","https://www.googleapis.com/auth/firebase","https://www.googleapis.com/auth/cloud-platform"]
[debug] [2022-03-09T21:58:20.990Z] > authorizing via signed-in user (cgcouto1337@gmail.com)
[info] 
     ######## #### ########  ######## ########     ###     ######  ########
     ##        ##  ##     ## ##       ##     ##  ##   ##  ##       ##
     ######    ##  ########  ######   ########  #########  ######  ######
     ##        ##  ##    ##  ##       ##     ## ##     ##       ## ##
     ##       #### ##     ## ######## ########  ##     ##  ######  ########

You're about to initialize a Firebase project in this directory:

  /Users/cgcouto/cs124/lab2

Before we get started, keep in mind:

  * You are initializing within an existing Firebase project directory

